This is pdfTeX, Version 3.141592653-2.6-1.40.27 (MiKTeX 25.4) (preloaded format=pdflatex 2025.12.5)  10 DEC 2025 19:49
entering extended mode
 restricted \write18 enabled.
 %&-line parsing enabled.
**./report2.tex
(report2.tex
LaTeX2e <2025-11-01>
L3 programming layer <2025-11-06>
(C:\Users\gyang\AppData\Local\Programs\MiKTeX\tex/latex/base\article.cls
Document Class: article 2025/01/22 v1.4n Standard LaTeX document class
(C:\Users\gyang\AppData\Local\Programs\MiKTeX\tex/latex/base\size12.clo
File: size12.clo 2025/01/22 v1.4n Standard LaTeX file (size option)
)
\c@part=\count275
\c@section=\count276
\c@subsection=\count277
\c@subsubsection=\count278
\c@paragraph=\count279
\c@subparagraph=\count280
\c@figure=\count281
\c@table=\count282
\abovecaptionskip=\skip49
\belowcaptionskip=\skip50
\bibindent=\dimen148
)
(C:\Users\gyang\AppData\Local\Programs\MiKTeX\tex/latex/geometry\geometry.sty
Package: geometry 2020/01/02 v5.9 Page Geometry

(C:\Users\gyang\AppData\Local\Programs\MiKTeX\tex/latex/graphics\keyval.sty
Package: keyval 2022/05/29 v1.15 key=value parser (DPC)
\KV@toks@=\toks17
)
(C:\Users\gyang\AppData\Local\Programs\MiKTeX\tex/generic/iftex\ifvtex.sty
Package: ifvtex 2019/10/25 v1.7 ifvtex legacy package. Use iftex instead.

(C:\Users\gyang\AppData\Local\Programs\MiKTeX\tex/generic/iftex\iftex.sty
Package: iftex 2024/12/12 v1.0g TeX engine tests
))
\Gm@cnth=\count283
\Gm@cntv=\count284
\c@Gm@tempcnt=\count285
\Gm@bindingoffset=\dimen149
\Gm@wd@mp=\dimen150
\Gm@odd@mp=\dimen151
\Gm@even@mp=\dimen152
\Gm@layoutwidth=\dimen153
\Gm@layoutheight=\dimen154
\Gm@layouthoffset=\dimen155
\Gm@layoutvoffset=\dimen156
\Gm@dimlist=\toks18

(C:\Users\gyang\AppData\Local\Programs\MiKTeX\tex/latex/geometry\geometry.cfg))
(C:\Users\gyang\AppData\Local\Programs\MiKTeX\tex/latex/graphics\graphicx.sty
Package: graphicx 2024/12/31 v1.2e Enhanced LaTeX Graphics (DPC,SPQR)

(C:\Users\gyang\AppData\Local\Programs\MiKTeX\tex/latex/graphics\graphics.sty
Package: graphics 2024/08/06 v1.4g Standard LaTeX Graphics (DPC,SPQR)

(C:\Users\gyang\AppData\Local\Programs\MiKTeX\tex/latex/graphics\trig.sty
Package: trig 2023/12/02 v1.11 sin cos tan (DPC)
)
(C:\Users\gyang\AppData\Local\Programs\MiKTeX\tex/latex/graphics-cfg\graphics.c
fg
File: graphics.cfg 2016/06/04 v1.11 sample graphics configuration
)
Package graphics Info: Driver file: pdftex.def on input line 106.

(C:\Users\gyang\AppData\Local\Programs\MiKTeX\tex/latex/graphics-def\pdftex.def
File: pdftex.def 2025/09/29 v1.2d Graphics/color driver for pdftex
))
\Gin@req@height=\dimen157
\Gin@req@width=\dimen158
) (C:\Users\gyang\AppData\Local\Programs\MiKTeX\tex/latex/tools\longtable.sty
Package: longtable 2025-10-13 v4.24 Multi-page Table package (DPC)
\LTleft=\skip51
\LTright=\skip52
\LTpre=\skip53
\LTpost=\skip54
\LTchunksize=\count286
\LTcapwidth=\dimen159
\LT@head=\box53
\LT@firsthead=\box54
\LT@foot=\box55
\LT@lastfoot=\box56
\LT@gbox=\box57
\LT@cols=\count287
\LT@rows=\count288
\c@LT@tables=\count289
\c@LT@chunks=\count290
\LT@p@ftn=\toks19
) (C:\Users\gyang\AppData\Local\Programs\MiKTeX\tex/latex/booktabs\booktabs.sty
Package: booktabs 2020/01/12 v1.61803398 Publication quality tables
\heavyrulewidth=\dimen160
\lightrulewidth=\dimen161
\cmidrulewidth=\dimen162
\belowrulesep=\dimen163
\belowbottomsep=\dimen164
\aboverulesep=\dimen165
\abovetopsep=\dimen166
\cmidrulesep=\dimen167
\cmidrulekern=\dimen168
\defaultaddspace=\dimen169
\@cmidla=\count291
\@cmidlb=\count292
\@aboverulesep=\dimen170
\@belowrulesep=\dimen171
\@thisruleclass=\count293
\@lastruleclass=\count294
\@thisrulewidth=\dimen172
) (C:\Users\gyang\AppData\Local\Programs\MiKTeX\tex/latex/siunitx\siunitx.sty
Package: siunitx 2025-07-09 v3.4.14 A comprehensive (SI) units package
\l__siunitx_number_uncert_offset_int=\count295
\l__siunitx_number_exponent_fixed_int=\count296
\l__siunitx_number_min_decimal_int=\count297
\l__siunitx_number_min_integer_int=\count298
\l__siunitx_number_round_precision_int=\count299
\l__siunitx_number_lower_threshold_int=\count300
\l__siunitx_number_upper_threshold_int=\count301
\l__siunitx_number_group_first_int=\count302
\l__siunitx_number_group_size_int=\count303
\l__siunitx_number_group_minimum_int=\count304
\l__siunitx_angle_tmp_dim=\dimen173
\l__siunitx_angle_marker_box=\box58
\l__siunitx_angle_unit_box=\box59
\l__siunitx_compound_count_int=\count305

(C:\Users\gyang\AppData\Local\Programs\MiKTeX\tex/latex/translations\translatio
ns.sty
Package: translations 2022/02/05 v1.12 internationalization of LaTeX2e packages
 (CN)

(C:\Users\gyang\AppData\Local\Programs\MiKTeX\tex/latex/etoolbox\etoolbox.sty
Package: etoolbox 2025/10/02 v2.5m e-TeX tools for LaTeX (JAW)
\etb@tempcnta=\count306
)
(C:\Users\gyang\AppData\Local\Programs\MiKTeX\tex/generic/pdftexcmds\pdftexcmds
.sty
Package: pdftexcmds 2020-06-27 v0.33 Utility functions of pdfTeX for LuaTeX (HO
)

(C:\Users\gyang\AppData\Local\Programs\MiKTeX\tex/generic/infwarerr\infwarerr.s
ty
Package: infwarerr 2019/12/03 v1.5 Providing info/warning/error messages (HO)
)
(C:\Users\gyang\AppData\Local\Programs\MiKTeX\tex/generic/ltxcmds\ltxcmds.sty
Package: ltxcmds 2023-12-04 v1.26 LaTeX kernel commands for general use (HO)
)
Package pdftexcmds Info: \pdf@primitive is available.
Package pdftexcmds Info: \pdf@ifprimitive is available.
Package pdftexcmds Info: \pdfdraftmode found.
)) (C:\Users\gyang\AppData\Local\Programs\MiKTeX\tex/latex/amsmath\amstext.sty
Package: amstext 2024/11/17 v2.01 AMS text

(C:\Users\gyang\AppData\Local\Programs\MiKTeX\tex/latex/amsmath\amsgen.sty
File: amsgen.sty 1999/11/30 v2.0 generic functions
\@emptytoks=\toks20
\ex@=\dimen174
))
\l__siunitx_table_tmp_box=\box60
\l__siunitx_table_tmp_dim=\dimen175
\l__siunitx_table_column_width_dim=\dimen176
\l__siunitx_table_integer_box=\box61
\l__siunitx_table_decimal_box=\box62
\l__siunitx_table_uncert_box=\box63
\l__siunitx_table_before_box=\box64
\l__siunitx_table_after_box=\box65
\l__siunitx_table_before_dim=\dimen177
\l__siunitx_table_carry_dim=\dimen178
\l__siunitx_unit_tmp_int=\count307
\l__siunitx_unit_position_int=\count308
\l__siunitx_unit_total_int=\count309

(C:\Users\gyang\AppData\Local\Programs\MiKTeX\tex/latex/tools\array.sty
Package: array 2025/09/25 v2.6n Tabular extension package (FMi)
\col@sep=\dimen179
\ar@mcellbox=\box66
\extrarowheight=\dimen180
\NC@list=\toks21
\extratabsurround=\skip55
\backup@length=\skip56
\ar@cellbox=\box67
))
(C:\Users\gyang\AppData\Local\Programs\MiKTeX\tex/latex/float\float.sty
Package: float 2001/11/08 v1.3d Float enhancements (AL)
\c@float@type=\count310
\float@exts=\toks22
\float@box=\box68
\@float@everytoks=\toks23
\@floatcapt=\box69
)
(C:\Users\gyang\AppData\Local\Programs\MiKTeX\tex/latex/amsmath\amsmath.sty
Package: amsmath 2025/07/09 v2.17z AMS math features
\@mathmargin=\skip57

For additional information on amsmath, use the `?' option.
(C:\Users\gyang\AppData\Local\Programs\MiKTeX\tex/latex/amsmath\amsbsy.sty
Package: amsbsy 1999/11/29 v1.2d Bold Symbols
\pmbraise@=\dimen181
)
(C:\Users\gyang\AppData\Local\Programs\MiKTeX\tex/latex/amsmath\amsopn.sty
Package: amsopn 2022/04/08 v2.04 operator names
)
\inf@bad=\count311
LaTeX Info: Redefining \frac on input line 233.
\uproot@=\count312
\leftroot@=\count313
LaTeX Info: Redefining \overline on input line 398.
LaTeX Info: Redefining \colon on input line 409.
\classnum@=\count314
\DOTSCASE@=\count315
LaTeX Info: Redefining \ldots on input line 495.
LaTeX Info: Redefining \dots on input line 498.
LaTeX Info: Redefining \cdots on input line 619.
\Mathstrutbox@=\box70
\strutbox@=\box71
LaTeX Info: Redefining \big on input line 721.
LaTeX Info: Redefining \Big on input line 722.
LaTeX Info: Redefining \bigg on input line 723.
LaTeX Info: Redefining \Bigg on input line 724.
\big@size=\dimen182
LaTeX Font Info:    Redeclaring font encoding OML on input line 742.
LaTeX Font Info:    Redeclaring font encoding OMS on input line 743.
\macc@depth=\count316
LaTeX Info: Redefining \bmod on input line 904.
LaTeX Info: Redefining \pmod on input line 909.
LaTeX Info: Redefining \smash on input line 939.
LaTeX Info: Redefining \relbar on input line 969.
LaTeX Info: Redefining \Relbar on input line 970.
\c@MaxMatrixCols=\count317
\dotsspace@=\muskip17
\c@parentequation=\count318
\dspbrk@lvl=\count319
\tag@help=\toks24
\row@=\count320
\column@=\count321
\maxfields@=\count322
\andhelp@=\toks25
\eqnshift@=\dimen183
\alignsep@=\dimen184
\tagshift@=\dimen185
\tagwidth@=\dimen186
\totwidth@=\dimen187
\lineht@=\dimen188
\@envbody=\toks26
\multlinegap=\skip58
\multlinetaggap=\skip59
\mathdisplay@stack=\toks27
LaTeX Info: Redefining \[ on input line 2950.
LaTeX Info: Redefining \] on input line 2951.
)
(C:\Users\gyang\AppData\Local\Programs\MiKTeX\tex/latex/hyperref\hyperref.sty
Package: hyperref 2025-07-12 v7.01o Hypertext links for LaTeX

(C:\Users\gyang\AppData\Local\Programs\MiKTeX\tex/latex/kvsetkeys\kvsetkeys.sty
Package: kvsetkeys 2022-10-05 v1.19 Key value parser (HO)
)
(C:\Users\gyang\AppData\Local\Programs\MiKTeX\tex/generic/kvdefinekeys\kvdefine
keys.sty
Package: kvdefinekeys 2019-12-19 v1.6 Define keys (HO)
)
(C:\Users\gyang\AppData\Local\Programs\MiKTeX\tex/generic/pdfescape\pdfescape.s
ty
Package: pdfescape 2019/12/09 v1.15 Implements pdfTeX's escape features (HO)
) (C:\Users\gyang\AppData\Local\Programs\MiKTeX\tex/latex/hycolor\hycolor.sty
Package: hycolor 2020-01-27 v1.10 Color options for hyperref/bookmark (HO)
) (C:\Users\gyang\AppData\Local\Programs\MiKTeX\tex/latex/hyperref\nameref.sty
Package: nameref 2025-06-21 v2.57 Cross-referencing by name of section

(C:\Users\gyang\AppData\Local\Programs\MiKTeX\tex/latex/refcount\refcount.sty
Package: refcount 2019/12/15 v3.6 Data extraction from label references (HO)
)
(C:\Users\gyang\AppData\Local\Programs\MiKTeX\tex/generic/gettitlestring\gettit
lestring.sty
Package: gettitlestring 2019/12/15 v1.6 Cleanup title references (HO)

(C:\Users\gyang\AppData\Local\Programs\MiKTeX\tex/latex/kvoptions\kvoptions.sty
Package: kvoptions 2022-06-15 v3.15 Key value format for package options (HO)
))
\c@section@level=\count323
)
(C:\Users\gyang\AppData\Local\Programs\MiKTeX\tex/generic/stringenc\stringenc.s
ty
Package: stringenc 2019/11/29 v1.12 Convert strings between diff. encodings (HO
)
)
\@linkdim=\dimen189
\Hy@linkcounter=\count324
\Hy@pagecounter=\count325
 (C:\Users\gyang\AppData\Local\Programs\MiKTeX\tex/latex/hyperref\pd1enc.def
File: pd1enc.def 2025-07-12 v7.01o Hyperref: PDFDocEncoding definition (HO)
Now handling font encoding PD1 ...
... no UTF-8 mapping file for font encoding PD1
) (C:\Users\gyang\AppData\Local\Programs\MiKTeX\tex/generic/intcalc\intcalc.sty
Package: intcalc 2019/12/15 v1.3 Expandable calculations with integers (HO)
)
\Hy@SavedSpaceFactor=\count326
 (C:\Users\gyang\AppData\Local\Programs\MiKTeX\tex/latex/hyperref\puenc.def
File: puenc.def 2025-07-12 v7.01o Hyperref: PDF Unicode definition (HO)
Now handling font encoding PU ...
... no UTF-8 mapping file for font encoding PU
)
Package hyperref Info: Hyper figures OFF on input line 4195.
Package hyperref Info: Link nesting OFF on input line 4200.
Package hyperref Info: Hyper index ON on input line 4203.
Package hyperref Info: Plain pages OFF on input line 4210.
Package hyperref Info: Backreferencing OFF on input line 4215.
Package hyperref Info: Implicit mode ON; LaTeX internals redefined.
Package hyperref Info: Bookmarks ON on input line 4462.
\c@Hy@tempcnt=\count327

(C:\Users\gyang\AppData\Local\Programs\MiKTeX\tex/latex/url\url.sty
\Urlmuskip=\muskip18
Package: url 2013/09/16  ver 3.4  Verb mode for urls, etc.
)
LaTeX Info: Redefining \url on input line 4801.
\XeTeXLinkMargin=\dimen190

(C:\Users\gyang\AppData\Local\Programs\MiKTeX\tex/generic/bitset\bitset.sty
Package: bitset 2019/12/09 v1.3 Handle bit-vector datatype (HO)

(C:\Users\gyang\AppData\Local\Programs\MiKTeX\tex/generic/bigintcalc\bigintcalc
.sty
Package: bigintcalc 2019/12/15 v1.5 Expandable calculations on big integers (HO
)
))
\Fld@menulength=\count328
\Field@Width=\dimen191
\Fld@charsize=\dimen192
Package hyperref Info: Hyper figures OFF on input line 6078.
Package hyperref Info: Link nesting OFF on input line 6083.
Package hyperref Info: Hyper index ON on input line 6086.
Package hyperref Info: backreferencing OFF on input line 6093.
Package hyperref Info: Link coloring OFF on input line 6098.
Package hyperref Info: Link coloring with OCG OFF on input line 6103.
Package hyperref Info: PDF/A mode OFF on input line 6108.
\Hy@abspage=\count329
\c@Item=\count330
\c@Hfootnote=\count331
)
Package hyperref Info: Driver (autodetected): hpdftex.

(C:\Users\gyang\AppData\Local\Programs\MiKTeX\tex/latex/hyperref\hpdftex.def
File: hpdftex.def 2025-07-12 v7.01o Hyperref driver for pdfTeX
\Fld@listcount=\count332
\c@bookmark@seq@number=\count333

(C:\Users\gyang\AppData\Local\Programs\MiKTeX\tex/latex/rerunfilecheck\rerunfil
echeck.sty
Package: rerunfilecheck 2025-06-21 v1.11 Rerun checks for auxiliary files (HO)

(C:\Users\gyang\AppData\Local\Programs\MiKTeX\tex/generic/uniquecounter\uniquec
ounter.sty
Package: uniquecounter 2019/12/15 v1.4 Provide unlimited unique counter (HO)
)
Package uniquecounter Info: New unique counter `rerunfilecheck' on input line 2
84.
)
\Hy@SectionHShift=\skip60
)
(C:\Users\gyang\AppData\Local\Programs\MiKTeX\tex/latex/caption\caption.sty
Package: caption 2023/08/05 v3.6o Customizing captions (AR)

(C:\Users\gyang\AppData\Local\Programs\MiKTeX\tex/latex/caption\caption3.sty
Package: caption3 2023/07/31 v2.4d caption3 kernel (AR)
\caption@tempdima=\dimen193
\captionmargin=\dimen194
\caption@leftmargin=\dimen195
\caption@rightmargin=\dimen196
\caption@width=\dimen197
\caption@indent=\dimen198
\caption@parindent=\dimen199
\caption@hangindent=\dimen256
Package caption Info: Standard document class detected.
)
\c@caption@flags=\count334
\c@continuedfloat=\count335
Package caption Info: float package is loaded.
Package caption Info: hyperref package is loaded.
Package caption Info: longtable package is loaded.

(C:\Users\gyang\AppData\Local\Programs\MiKTeX\tex/latex/caption\ltcaption.sty
Package: ltcaption 2021/01/08 v1.4c longtable captions (AR)
)) (C:\Users\gyang\AppData\Local\Programs\MiKTeX\tex/latex/titlesec\titlesec.st
y
Package: titlesec 2025/01/04 v2.17 Sectioning titles
\ttl@box=\box72
\beforetitleunit=\skip61
\aftertitleunit=\skip62
\ttl@plus=\dimen257
\ttl@minus=\dimen258
\ttl@toksa=\toks28
\titlewidth=\dimen259
\titlewidthlast=\dimen260
\titlewidthfirst=\dimen261
) (C:\Users\gyang\AppData\Local\Programs\MiKTeX\tex/latex/fancyhdr\fancyhdr.sty
Package: fancyhdr 2025/02/07 v5.2 Extensive control of page headers and footers

\f@nch@headwidth=\skip63
\f@nch@offset@elh=\skip64
\f@nch@offset@erh=\skip65
\f@nch@offset@olh=\skip66
\f@nch@offset@orh=\skip67
\f@nch@offset@elf=\skip68
\f@nch@offset@erf=\skip69
\f@nch@offset@olf=\skip70
\f@nch@offset@orf=\skip71
\f@nch@height=\skip72
\f@nch@footalignment=\skip73
\f@nch@widthL=\skip74
\f@nch@widthC=\skip75
\f@nch@widthR=\skip76
\@temptokenb=\toks29
) (C:\Users\gyang\AppData\Local\Programs\MiKTeX\tex/latex/pdfpages\pdfpages.sty
Package: pdfpages 2025/07/23 v0.6g Insert pages of external PDF documents (AM)

(C:\Users\gyang\AppData\Local\Programs\MiKTeX\tex/latex/base\ifthen.sty
Package: ifthen 2024/03/16 v1.1e Standard LaTeX ifthen package (DPC)
)
(C:\Users\gyang\AppData\Local\Programs\MiKTeX\tex/latex/tools\calc.sty
Package: calc 2025/03/01 v4.3b Infix arithmetic (KKT,FJ)
\calc@Acount=\count336
\calc@Bcount=\count337
\calc@Adimen=\dimen262
\calc@Bdimen=\dimen263
\calc@Askip=\skip77
\calc@Bskip=\skip78
LaTeX Info: Redefining \setlength on input line 86.
LaTeX Info: Redefining \addtolength on input line 87.
\calc@Ccount=\count338
\calc@Cskip=\skip79
)
(C:\Users\gyang\AppData\Local\Programs\MiKTeX\tex/latex/eso-pic\eso-pic.sty
Package: eso-pic 2023/05/03 v3.0c eso-pic (RN)
\ESO@tempdima=\dimen264
\ESO@tempdimb=\dimen265

(C:\Users\gyang\AppData\Local\Programs\MiKTeX\tex/latex/xcolor\xcolor.sty
Package: xcolor 2024/09/29 v3.02 LaTeX color extensions (UK)

(C:\Users\gyang\AppData\Local\Programs\MiKTeX\tex/latex/graphics-cfg\color.cfg
File: color.cfg 2016/01/02 v1.6 sample color configuration
)
Package xcolor Info: Driver file: pdftex.def on input line 274.
(C:\Users\gyang\AppData\Local\Programs\MiKTeX\tex/latex/graphics\mathcolor.ltx)
Package xcolor Info: Model `cmy' substituted by `cmy0' on input line 1349.
Package xcolor Info: Model `hsb' substituted by `rgb' on input line 1353.
Package xcolor Info: Model `RGB' extended on input line 1365.
Package xcolor Info: Model `HTML' substituted by `rgb' on input line 1367.
Package xcolor Info: Model `Hsb' substituted by `hsb' on input line 1368.
Package xcolor Info: Model `tHsb' substituted by `hsb' on input line 1369.
Package xcolor Info: Model `HSB' substituted by `hsb' on input line 1370.
Package xcolor Info: Model `Gray' substituted by `gray' on input line 1371.
Package xcolor Info: Model `wave' substituted by `hsb' on input line 1372.
))
\AM@pagewidth=\dimen266
\AM@pageheight=\dimen267
\AM@fboxrule=\dimen268

(C:\Users\gyang\AppData\Local\Programs\MiKTeX\tex/latex/pdfpages\pppdftex.def
File: pppdftex.def 2025/07/23 v0.6g Pdfpages driver for pdfTeX (AM)
)
\pdfpages@includegraphics@status=\count339
\AM@pagebox=\box73
\AM@global@opts=\toks30
\AM@pagecnt=\count340
\AM@toc@title=\toks31
\AM@lof@heading=\toks32
\c@AM@survey=\count341
\AM@templatesizebox=\box74
) (C:\Users\gyang\AppData\Local\Programs\MiKTeX\tex/latex/cleveref\cleveref.sty
Package: cleveref 2018/03/27 v0.21.4 Intelligent cross-referencing
Package cleveref Info: `hyperref' support loaded on input line 2370.
LaTeX Info: Redefining \cref on input line 2370.
LaTeX Info: Redefining \Cref on input line 2370.
LaTeX Info: Redefining \crefrange on input line 2370.
LaTeX Info: Redefining \Crefrange on input line 2370.
LaTeX Info: Redefining \cpageref on input line 2370.
LaTeX Info: Redefining \Cpageref on input line 2370.
LaTeX Info: Redefining \cpagerefrange on input line 2370.
LaTeX Info: Redefining \Cpagerefrange on input line 2370.
LaTeX Info: Redefining \labelcref on input line 2370.
LaTeX Info: Redefining \labelcpageref on input line 2370.
)
==> First Aid for cleveref.sty applied!
Package translations Info: No language package found. I am going to use `englis
h' as default language. on input line 37.

(C:\Users\gyang\AppData\Local\Programs\MiKTeX\tex/latex/l3backend\l3backend-pdf
tex.def
File: l3backend-pdftex.def 2025-10-09 L3 backend support: PDF output (pdfTeX)
\l__color_backend_stack_int=\count342
) (report2.aux)
\openout1 = `report2.aux'.

LaTeX Font Info:    Checking defaults for OML/cmm/m/it on input line 37.
LaTeX Font Info:    ... okay on input line 37.
LaTeX Font Info:    Checking defaults for OMS/cmsy/m/n on input line 37.
LaTeX Font Info:    ... okay on input line 37.
LaTeX Font Info:    Checking defaults for OT1/cmr/m/n on input line 37.
LaTeX Font Info:    ... okay on input line 37.
LaTeX Font Info:    Checking defaults for T1/cmr/m/n on input line 37.
LaTeX Font Info:    ... okay on input line 37.
LaTeX Font Info:    Checking defaults for TS1/cmr/m/n on input line 37.
LaTeX Font Info:    ... okay on input line 37.
LaTeX Font Info:    Checking defaults for OMX/cmex/m/n on input line 37.
LaTeX Font Info:    ... okay on input line 37.
LaTeX Font Info:    Checking defaults for U/cmr/m/n on input line 37.
LaTeX Font Info:    ... okay on input line 37.
LaTeX Font Info:    Checking defaults for PD1/pdf/m/n on input line 37.
LaTeX Font Info:    ... okay on input line 37.
LaTeX Font Info:    Checking defaults for PU/pdf/m/n on input line 37.
LaTeX Font Info:    ... okay on input line 37.

*geometry* driver: auto-detecting
*geometry* detected driver: pdftex
*geometry* verbose mode - [ preamble ] result:
* driver: pdftex
* paper: <default>
* layout: <same size as paper>
* layoutoffset:(h,v)=(0.0pt,0.0pt)
* modes: 
* h-part:(L,W,R)=(72.26999pt, 469.75502pt, 72.26999pt)
* v-part:(T,H,B)=(72.26999pt, 650.43001pt, 72.26999pt)
* \paperwidth=614.295pt
* \paperheight=794.96999pt
* \textwidth=469.75502pt
* \textheight=650.43001pt
* \oddsidemargin=0.0pt
* \evensidemargin=0.0pt
* \topmargin=-37.0pt
* \headheight=12.0pt
* \headsep=25.0pt
* \topskip=12.0pt
* \footskip=30.0pt
* \marginparwidth=44.0pt
* \marginparsep=10.0pt
* \columnsep=10.0pt
* \skip\footins=10.8pt plus 4.0pt minus 2.0pt
* \hoffset=0.0pt
* \voffset=0.0pt
* \mag=1000
* \@twocolumnfalse
* \@twosidefalse
* \@mparswitchfalse
* \@reversemarginfalse
* (1in=72.27pt=25.4mm, 1cm=28.453pt)


(C:\Users\gyang\AppData\Local\Programs\MiKTeX\tex/context/base/mkii\supp-pdf.mk
ii
[Loading MPS to PDF converter (version 2006.09.02).]
\scratchcounter=\count343
\scratchdimen=\dimen269
\scratchbox=\box75
\nofMPsegments=\count344
\nofMParguments=\count345
\everyMPshowfont=\toks33
\MPscratchCnt=\count346
\MPscratchDim=\dimen270
\MPnumerator=\count347
\makeMPintoPDFobject=\count348
\everyMPtoPDFconversion=\toks34
)
(C:\Users\gyang\AppData\Local\Programs\MiKTeX\tex/latex/epstopdf-pkg\epstopdf-b
ase.sty
Package: epstopdf-base 2020-01-24 v2.11 Base part for package epstopdf
Package epstopdf-base Info: Redefining graphics rule for `.eps' on input line 4
85.

(C:\Users\gyang\AppData\Local\Programs\MiKTeX\tex/latex/00miktex\epstopdf-sys.c
fg
File: epstopdf-sys.cfg 2021/03/18 v2.0 Configuration of epstopdf for MiKTeX
))
(C:\Users\gyang\AppData\Local\Programs\MiKTeX\tex/latex/translations/dicts\tran
slations-basic-dictionary-english.trsl
File: translations-basic-dictionary-english.trsl (english translation file `tra
nslations-basic-dictionary')
)
Package translations Info: loading dictionary `translations-basic-dictionary' f
or `english'. on input line 37.
Package hyperref Info: Link coloring OFF on input line 37.
 (report2.out) (report2.out)
\@outlinefile=\write3
\openout3 = `report2.out'.

Package caption Info: Begin \AtBeginDocument code.
Package caption Info: End \AtBeginDocument code.

(C:\Users\gyang\AppData\Local\Programs\MiKTeX\tex/latex/pdflscape\pdflscape.sty
Package: pdflscape 2022-10-27 v0.13 Display of landscape pages in PDF

(C:\Users\gyang\AppData\Local\Programs\MiKTeX\tex/latex/pdflscape\pdflscape-nom
etadata.sty
Package: pdflscape-nometadata 2022-10-28 v0.13 Display of landscape pages in PD
F (HO)

(C:\Users\gyang\AppData\Local\Programs\MiKTeX\tex/latex/graphics\lscape.sty
Package: lscape 2020/05/28 v3.02 Landscape Pages (DPC)
)
Package pdflscape Info: Auto-detected driver: pdftex on input line 81.
))
[1

{C:/Users/gyang/AppData/Local/MiKTeX/fonts/map/pdftex/pdftex.map}]
<figures/compare_P_Controller.png, id=51, 578.16pt x 722.7pt>
File: figures/compare_P_Controller.png Graphic file (type png)
<use figures/compare_P_Controller.png>
Package pdftex.def Info: figures/compare_P_Controller.png  used on input line 6
4.
(pdftex.def)             Requested size: 399.29463pt x 499.11566pt.


Package fancyhdr Warning: \headheight is too small (12.0pt): 
(fancyhdr)                Make it at least 14.49998pt, for example:
(fancyhdr)                \setlength{\headheight}{14.49998pt}.
(fancyhdr)                You might also make \topmargin smaller:
(fancyhdr)                \addtolength{\topmargin}{-2.49998pt}.


pdfTeX warning (ext4): destination with the same identifier (name{page.1}) has 
been already used, duplicate ignored
<to be read again> 
                   \relax 
l.68 
      [1]
<figures/compare_LeadLag.png, id=57, 578.16pt x 722.7pt>
File: figures/compare_LeadLag.png Graphic file (type png)
<use figures/compare_LeadLag.png>
Package pdftex.def Info: figures/compare_LeadLag.png  used on input line 71.
(pdftex.def)             Requested size: 399.29463pt x 499.11566pt.


Package fancyhdr Warning: \headheight is too small (12.0pt): 
(fancyhdr)                Make it at least 14.49998pt, for example:
(fancyhdr)                \setlength{\headheight}{14.49998pt}.
(fancyhdr)                You might also make \topmargin smaller:
(fancyhdr)                \addtolength{\topmargin}{-2.49998pt}.

[2 <./figures/compare_P_Controller.png>]
<figures/compare_LeadLagIntegrator.png, id=66, 578.16pt x 722.7pt>
File: figures/compare_LeadLagIntegrator.png Graphic file (type png)
<use figures/compare_LeadLagIntegrator.png>
Package pdftex.def Info: figures/compare_LeadLagIntegrator.png  used on input l
ine 78.
(pdftex.def)             Requested size: 399.29463pt x 499.11566pt.


Package fancyhdr Warning: \headheight is too small (12.0pt): 
(fancyhdr)                Make it at least 14.49998pt, for example:
(fancyhdr)                \setlength{\headheight}{14.49998pt}.
(fancyhdr)                You might also make \topmargin smaller:
(fancyhdr)                \addtolength{\topmargin}{-2.49998pt}.

[3 <./figures/compare_LeadLag.png>]
Overfull \hbox (29.61691pt too wide) in paragraph at lines 94--103
 [][] 
 []


Package fancyhdr Warning: \headheight is too small (12.0pt): 
(fancyhdr)                Make it at least 14.49998pt, for example:
(fancyhdr)                \setlength{\headheight}{14.49998pt}.
(fancyhdr)                You might also make \topmargin smaller:
(fancyhdr)                \addtolength{\topmargin}{-2.49998pt}.

[4 <./figures/compare_LeadLagIntegrator.png>]

Package fancyhdr Warning: \headheight is too small (12.0pt): 
(fancyhdr)                Make it at least 14.49998pt, for example:
(fancyhdr)                \setlength{\headheight}{14.49998pt}.
(fancyhdr)                You might also make \topmargin smaller:
(fancyhdr)                \addtolength{\topmargin}{-2.49998pt}.

[5]

Package fancyhdr Warning: \headheight is too small (12.0pt): 
(fancyhdr)                Make it at least 14.49998pt, for example:
(fancyhdr)                \setlength{\headheight}{14.49998pt}.
(fancyhdr)                You might also make \topmargin smaller:
(fancyhdr)                \addtolength{\topmargin}{-2.49998pt}.

[6]

Package fancyhdr Warning: \headheight is too small (12.0pt): 
(fancyhdr)                Make it at least 14.49998pt, for example:
(fancyhdr)                \setlength{\headheight}{14.49998pt}.
(fancyhdr)                You might also make \topmargin smaller:
(fancyhdr)                \addtolength{\topmargin}{-2.49998pt}.

[7]
<../prelab2.pdf, id=115, 614.295pt x 794.97pt>
File: ../prelab2.pdf Graphic file (type pdf)
<use ../prelab2.pdf>
Package pdftex.def Info: ../prelab2.pdf  used on input line 201.
(pdftex.def)             Requested size: 614.29349pt x 794.96806pt.
<../prelab2.pdf, id=117, page=1, 614.295pt x 794.97pt>
File: ../prelab2.pdf Graphic file (type pdf)
<use ../prelab2.pdf, page 1>
Package pdftex.def Info: ../prelab2.pdf , page1 used on input line 201.
(pdftex.def)             Requested size: 614.29349pt x 794.96806pt.
File: ../prelab2.pdf Graphic file (type pdf)
<use ../prelab2.pdf, page 1>
Package pdftex.def Info: ../prelab2.pdf , page1 used on input line 201.
(pdftex.def)             Requested size: 552.86038pt x 715.4664pt.


Package fancyhdr Warning: \headheight is too small (12.0pt): 
(fancyhdr)                Make it at least 14.49998pt, for example:
(fancyhdr)                \setlength{\headheight}{14.49998pt}.
(fancyhdr)                You might also make \topmargin smaller:
(fancyhdr)                \addtolength{\topmargin}{-2.49998pt}.

[8]
File: ../prelab2.pdf Graphic file (type pdf)
<use ../prelab2.pdf, page 1>
Package pdftex.def Info: ../prelab2.pdf , page1 used on input line 201.
(pdftex.def)             Requested size: 552.86038pt x 715.4664pt.
File: ../prelab2.pdf Graphic file (type pdf)
<use ../prelab2.pdf, page 1>
Package pdftex.def Info: ../prelab2.pdf , page1 used on input line 201.
(pdftex.def)             Requested size: 552.86038pt x 715.4664pt.


Package fancyhdr Warning: \headheight is too small (12.0pt): 
(fancyhdr)                Make it at least 14.49998pt, for example:
(fancyhdr)                \setlength{\headheight}{14.49998pt}.
(fancyhdr)                You might also make \topmargin smaller:
(fancyhdr)                \addtolength{\topmargin}{-2.49998pt}.

File: ../prelab2.pdf Graphic file (type pdf)
<use ../prelab2.pdf, page 1>
Package pdftex.def Info: ../prelab2.pdf , page1 used on input line 201.
(pdftex.def)             Requested size: 552.86038pt x 715.4664pt.
[9

 <../prelab2.pdf>]
<../prelab2.pdf, id=145, page=2, 614.295pt x 794.97pt>
File: ../prelab2.pdf Graphic file (type pdf)
<use ../prelab2.pdf, page 2>
Package pdftex.def Info: ../prelab2.pdf , page2 used on input line 201.
(pdftex.def)             Requested size: 552.86038pt x 715.4664pt.
File: ../prelab2.pdf Graphic file (type pdf)
<use ../prelab2.pdf, page 2>
Package pdftex.def Info: ../prelab2.pdf , page2 used on input line 201.
(pdftex.def)             Requested size: 552.86038pt x 715.4664pt.


Package fancyhdr Warning: \headheight is too small (12.0pt): 
(fancyhdr)                Make it at least 14.49998pt, for example:
(fancyhdr)                \setlength{\headheight}{14.49998pt}.
(fancyhdr)                You might also make \topmargin smaller:
(fancyhdr)                \addtolength{\topmargin}{-2.49998pt}.

File: ../prelab2.pdf Graphic file (type pdf)
<use ../prelab2.pdf, page 2>
Package pdftex.def Info: ../prelab2.pdf , page2 used on input line 201.
(pdftex.def)             Requested size: 552.86038pt x 715.4664pt.
[10

 <../prelab2.pdf>]
<../prelab2.pdf, id=178, page=3, 614.295pt x 794.97pt>
File: ../prelab2.pdf Graphic file (type pdf)
<use ../prelab2.pdf, page 3>
Package pdftex.def Info: ../prelab2.pdf , page3 used on input line 201.
(pdftex.def)             Requested size: 552.86038pt x 715.4664pt.
File: ../prelab2.pdf Graphic file (type pdf)
<use ../prelab2.pdf, page 3>
Package pdftex.def Info: ../prelab2.pdf , page3 used on input line 201.
(pdftex.def)             Requested size: 552.86038pt x 715.4664pt.


Package fancyhdr Warning: \headheight is too small (12.0pt): 
(fancyhdr)                Make it at least 14.49998pt, for example:
(fancyhdr)                \setlength{\headheight}{14.49998pt}.
(fancyhdr)                You might also make \topmargin smaller:
(fancyhdr)                \addtolength{\topmargin}{-2.49998pt}.

File: ../prelab2.pdf Graphic file (type pdf)
<use ../prelab2.pdf, page 3>
Package pdftex.def Info: ../prelab2.pdf , page3 used on input line 201.
(pdftex.def)             Requested size: 552.86038pt x 715.4664pt.
[11

 <../prelab2.pdf>]
<../prelab2.pdf, id=189, page=4, 614.295pt x 794.97pt>
File: ../prelab2.pdf Graphic file (type pdf)
<use ../prelab2.pdf, page 4>
Package pdftex.def Info: ../prelab2.pdf , page4 used on input line 201.
(pdftex.def)             Requested size: 552.86038pt x 715.4664pt.
File: ../prelab2.pdf Graphic file (type pdf)
<use ../prelab2.pdf, page 4>
Package pdftex.def Info: ../prelab2.pdf , page4 used on input line 201.
(pdftex.def)             Requested size: 552.86038pt x 715.4664pt.


Package fancyhdr Warning: \headheight is too small (12.0pt): 
(fancyhdr)                Make it at least 14.49998pt, for example:
(fancyhdr)                \setlength{\headheight}{14.49998pt}.
(fancyhdr)                You might also make \topmargin smaller:
(fancyhdr)                \addtolength{\topmargin}{-2.49998pt}.

File: ../prelab2.pdf Graphic file (type pdf)
<use ../prelab2.pdf, page 4>
Package pdftex.def Info: ../prelab2.pdf , page4 used on input line 201.
(pdftex.def)             Requested size: 552.86038pt x 715.4664pt.
[12

 <../prelab2.pdf>]
<../prelab2.pdf, id=195, page=5, 614.295pt x 794.97pt>
File: ../prelab2.pdf Graphic file (type pdf)
<use ../prelab2.pdf, page 5>
Package pdftex.def Info: ../prelab2.pdf , page5 used on input line 201.
(pdftex.def)             Requested size: 552.86038pt x 715.4664pt.
File: ../prelab2.pdf Graphic file (type pdf)
<use ../prelab2.pdf, page 5>
Package pdftex.def Info: ../prelab2.pdf , page5 used on input line 201.
(pdftex.def)             Requested size: 552.86038pt x 715.4664pt.


Package fancyhdr Warning: \headheight is too small (12.0pt): 
(fancyhdr)                Make it at least 14.49998pt, for example:
(fancyhdr)                \setlength{\headheight}{14.49998pt}.
(fancyhdr)                You might also make \topmargin smaller:
(fancyhdr)                \addtolength{\topmargin}{-2.49998pt}.

File: ../prelab2.pdf Graphic file (type pdf)
<use ../prelab2.pdf, page 5>
Package pdftex.def Info: ../prelab2.pdf , page5 used on input line 201.
(pdftex.def)             Requested size: 552.86038pt x 715.4664pt.
[13

 <../prelab2.pdf>]
<../prelab2.pdf, id=209, page=6, 614.295pt x 794.97pt>
File: ../prelab2.pdf Graphic file (type pdf)
<use ../prelab2.pdf, page 6>
Package pdftex.def Info: ../prelab2.pdf , page6 used on input line 201.
(pdftex.def)             Requested size: 552.86038pt x 715.4664pt.
File: ../prelab2.pdf Graphic file (type pdf)
<use ../prelab2.pdf, page 6>
Package pdftex.def Info: ../prelab2.pdf , page6 used on input line 201.
(pdftex.def)             Requested size: 552.86038pt x 715.4664pt.


Package fancyhdr Warning: \headheight is too small (12.0pt): 
(fancyhdr)                Make it at least 14.49998pt, for example:
(fancyhdr)                \setlength{\headheight}{14.49998pt}.
(fancyhdr)                You might also make \topmargin smaller:
(fancyhdr)                \addtolength{\topmargin}{-2.49998pt}.

File: ../prelab2.pdf Graphic file (type pdf)
<use ../prelab2.pdf, page 6>
Package pdftex.def Info: ../prelab2.pdf , page6 used on input line 201.
(pdftex.def)             Requested size: 552.86038pt x 715.4664pt.
[14

 <../prelab2.pdf>]
<../prelab2.pdf, id=229, page=7, 614.295pt x 794.97pt>
File: ../prelab2.pdf Graphic file (type pdf)
<use ../prelab2.pdf, page 7>
Package pdftex.def Info: ../prelab2.pdf , page7 used on input line 201.
(pdftex.def)             Requested size: 552.86038pt x 715.4664pt.
File: ../prelab2.pdf Graphic file (type pdf)
<use ../prelab2.pdf, page 7>
Package pdftex.def Info: ../prelab2.pdf , page7 used on input line 201.
(pdftex.def)             Requested size: 552.86038pt x 715.4664pt.


Package fancyhdr Warning: \headheight is too small (12.0pt): 
(fancyhdr)                Make it at least 14.49998pt, for example:
(fancyhdr)                \setlength{\headheight}{14.49998pt}.
(fancyhdr)                You might also make \topmargin smaller:
(fancyhdr)                \addtolength{\topmargin}{-2.49998pt}.

File: ../prelab2.pdf Graphic file (type pdf)
<use ../prelab2.pdf, page 7>
Package pdftex.def Info: ../prelab2.pdf , page7 used on input line 201.
(pdftex.def)             Requested size: 552.86038pt x 715.4664pt.
[15

 <../prelab2.pdf>]
<../prelab2.pdf, id=243, page=8, 614.295pt x 794.97pt>
File: ../prelab2.pdf Graphic file (type pdf)
<use ../prelab2.pdf, page 8>
Package pdftex.def Info: ../prelab2.pdf , page8 used on input line 201.
(pdftex.def)             Requested size: 552.86038pt x 715.4664pt.
File: ../prelab2.pdf Graphic file (type pdf)
<use ../prelab2.pdf, page 8>
Package pdftex.def Info: ../prelab2.pdf , page8 used on input line 201.
(pdftex.def)             Requested size: 552.86038pt x 715.4664pt.


Package fancyhdr Warning: \headheight is too small (12.0pt): 
(fancyhdr)                Make it at least 14.49998pt, for example:
(fancyhdr)                \setlength{\headheight}{14.49998pt}.
(fancyhdr)                You might also make \topmargin smaller:
(fancyhdr)                \addtolength{\topmargin}{-2.49998pt}.

File: ../prelab2.pdf Graphic file (type pdf)
<use ../prelab2.pdf, page 8>
Package pdftex.def Info: ../prelab2.pdf , page8 used on input line 201.
(pdftex.def)             Requested size: 552.86038pt x 715.4664pt.
[16

 <../prelab2.pdf>]
<../prelab2.pdf, id=254, page=9, 614.295pt x 794.97pt>
File: ../prelab2.pdf Graphic file (type pdf)
<use ../prelab2.pdf, page 9>
Package pdftex.def Info: ../prelab2.pdf , page9 used on input line 201.
(pdftex.def)             Requested size: 552.86038pt x 715.4664pt.
File: ../prelab2.pdf Graphic file (type pdf)
<use ../prelab2.pdf, page 9>
Package pdftex.def Info: ../prelab2.pdf , page9 used on input line 201.
(pdftex.def)             Requested size: 552.86038pt x 715.4664pt.


Package fancyhdr Warning: \headheight is too small (12.0pt): 
(fancyhdr)                Make it at least 14.49998pt, for example:
(fancyhdr)                \setlength{\headheight}{14.49998pt}.
(fancyhdr)                You might also make \topmargin smaller:
(fancyhdr)                \addtolength{\topmargin}{-2.49998pt}.

File: ../prelab2.pdf Graphic file (type pdf)
<use ../prelab2.pdf, page 9>
Package pdftex.def Info: ../prelab2.pdf , page9 used on input line 201.
(pdftex.def)             Requested size: 552.86038pt x 715.4664pt.
[17

 <../prelab2.pdf>]
<../prelab2.pdf, id=264, page=10, 614.295pt x 794.97pt>
File: ../prelab2.pdf Graphic file (type pdf)
<use ../prelab2.pdf, page 10>
Package pdftex.def Info: ../prelab2.pdf , page10 used on input line 201.
(pdftex.def)             Requested size: 552.86038pt x 715.4664pt.
File: ../prelab2.pdf Graphic file (type pdf)
<use ../prelab2.pdf, page 10>
Package pdftex.def Info: ../prelab2.pdf , page10 used on input line 201.
(pdftex.def)             Requested size: 552.86038pt x 715.4664pt.


Package fancyhdr Warning: \headheight is too small (12.0pt): 
(fancyhdr)                Make it at least 14.49998pt, for example:
(fancyhdr)                \setlength{\headheight}{14.49998pt}.
(fancyhdr)                You might also make \topmargin smaller:
(fancyhdr)                \addtolength{\topmargin}{-2.49998pt}.

File: ../prelab2.pdf Graphic file (type pdf)
<use ../prelab2.pdf, page 10>
Package pdftex.def Info: ../prelab2.pdf , page10 used on input line 201.
(pdftex.def)             Requested size: 552.86038pt x 715.4664pt.
[18

 <../prelab2.pdf>]
<../prelab2.pdf, id=270, page=11, 614.295pt x 794.97pt>
File: ../prelab2.pdf Graphic file (type pdf)
<use ../prelab2.pdf, page 11>
Package pdftex.def Info: ../prelab2.pdf , page11 used on input line 201.
(pdftex.def)             Requested size: 552.86038pt x 715.4664pt.
File: ../prelab2.pdf Graphic file (type pdf)
<use ../prelab2.pdf, page 11>
Package pdftex.def Info: ../prelab2.pdf , page11 used on input line 201.
(pdftex.def)             Requested size: 552.86038pt x 715.4664pt.


Package fancyhdr Warning: \headheight is too small (12.0pt): 
(fancyhdr)                Make it at least 14.49998pt, for example:
(fancyhdr)                \setlength{\headheight}{14.49998pt}.
(fancyhdr)                You might also make \topmargin smaller:
(fancyhdr)                \addtolength{\topmargin}{-2.49998pt}.

File: ../prelab2.pdf Graphic file (type pdf)
<use ../prelab2.pdf, page 11>
Package pdftex.def Info: ../prelab2.pdf , page11 used on input line 201.
(pdftex.def)             Requested size: 552.86038pt x 715.4664pt.
[19

 <../prelab2.pdf>]
<../prelab2.pdf, id=280, page=12, 614.295pt x 794.97pt>
File: ../prelab2.pdf Graphic file (type pdf)
<use ../prelab2.pdf, page 12>
Package pdftex.def Info: ../prelab2.pdf , page12 used on input line 201.
(pdftex.def)             Requested size: 552.86038pt x 715.4664pt.
File: ../prelab2.pdf Graphic file (type pdf)
<use ../prelab2.pdf, page 12>
Package pdftex.def Info: ../prelab2.pdf , page12 used on input line 201.
(pdftex.def)             Requested size: 552.86038pt x 715.4664pt.


Package fancyhdr Warning: \headheight is too small (12.0pt): 
(fancyhdr)                Make it at least 14.49998pt, for example:
(fancyhdr)                \setlength{\headheight}{14.49998pt}.
(fancyhdr)                You might also make \topmargin smaller:
(fancyhdr)                \addtolength{\topmargin}{-2.49998pt}.

File: ../prelab2.pdf Graphic file (type pdf)
<use ../prelab2.pdf, page 12>
Package pdftex.def Info: ../prelab2.pdf , page12 used on input line 201.
(pdftex.def)             Requested size: 552.86038pt x 715.4664pt.
[20

 <../prelab2.pdf>]
<../prelab2.pdf, id=288, page=13, 614.295pt x 794.97pt>
File: ../prelab2.pdf Graphic file (type pdf)
<use ../prelab2.pdf, page 13>
Package pdftex.def Info: ../prelab2.pdf , page13 used on input line 201.
(pdftex.def)             Requested size: 552.86038pt x 715.4664pt.
File: ../prelab2.pdf Graphic file (type pdf)
<use ../prelab2.pdf, page 13>
Package pdftex.def Info: ../prelab2.pdf , page13 used on input line 201.
(pdftex.def)             Requested size: 552.86038pt x 715.4664pt.


Package fancyhdr Warning: \headheight is too small (12.0pt): 
(fancyhdr)                Make it at least 14.49998pt, for example:
(fancyhdr)                \setlength{\headheight}{14.49998pt}.
(fancyhdr)                You might also make \topmargin smaller:
(fancyhdr)                \addtolength{\topmargin}{-2.49998pt}.

File: ../prelab2.pdf Graphic file (type pdf)
<use ../prelab2.pdf, page 13>
Package pdftex.def Info: ../prelab2.pdf , page13 used on input line 201.
(pdftex.def)             Requested size: 552.86038pt x 715.4664pt.
[21

 <../prelab2.pdf>]
<../prelab2.pdf, id=296, page=14, 614.295pt x 794.97pt>
File: ../prelab2.pdf Graphic file (type pdf)
<use ../prelab2.pdf, page 14>
Package pdftex.def Info: ../prelab2.pdf , page14 used on input line 201.
(pdftex.def)             Requested size: 552.86038pt x 715.4664pt.
File: ../prelab2.pdf Graphic file (type pdf)
<use ../prelab2.pdf, page 14>
Package pdftex.def Info: ../prelab2.pdf , page14 used on input line 201.
(pdftex.def)             Requested size: 552.86038pt x 715.4664pt.


Package fancyhdr Warning: \headheight is too small (12.0pt): 
(fancyhdr)                Make it at least 14.49998pt, for example:
(fancyhdr)                \setlength{\headheight}{14.49998pt}.
(fancyhdr)                You might also make \topmargin smaller:
(fancyhdr)                \addtolength{\topmargin}{-2.49998pt}.

File: ../prelab2.pdf Graphic file (type pdf)
<use ../prelab2.pdf, page 14>
Package pdftex.def Info: ../prelab2.pdf , page14 used on input line 201.
(pdftex.def)             Requested size: 552.86038pt x 715.4664pt.
[22

 <../prelab2.pdf>]
<../prelab2.pdf, id=301, page=15, 614.295pt x 794.97pt>
File: ../prelab2.pdf Graphic file (type pdf)
<use ../prelab2.pdf, page 15>
Package pdftex.def Info: ../prelab2.pdf , page15 used on input line 201.
(pdftex.def)             Requested size: 552.86038pt x 715.4664pt.
File: ../prelab2.pdf Graphic file (type pdf)
<use ../prelab2.pdf, page 15>
Package pdftex.def Info: ../prelab2.pdf , page15 used on input line 201.
(pdftex.def)             Requested size: 552.86038pt x 715.4664pt.


Package fancyhdr Warning: \headheight is too small (12.0pt): 
(fancyhdr)                Make it at least 14.49998pt, for example:
(fancyhdr)                \setlength{\headheight}{14.49998pt}.
(fancyhdr)                You might also make \topmargin smaller:
(fancyhdr)                \addtolength{\topmargin}{-2.49998pt}.

File: ../prelab2.pdf Graphic file (type pdf)
<use ../prelab2.pdf, page 15>
Package pdftex.def Info: ../prelab2.pdf , page15 used on input line 201.
(pdftex.def)             Requested size: 552.86038pt x 715.4664pt.
[23

 <../prelab2.pdf>]
<../prelab2.pdf, id=309, page=16, 614.295pt x 794.97pt>
File: ../prelab2.pdf Graphic file (type pdf)
<use ../prelab2.pdf, page 16>
Package pdftex.def Info: ../prelab2.pdf , page16 used on input line 201.
(pdftex.def)             Requested size: 552.86038pt x 715.4664pt.
File: ../prelab2.pdf Graphic file (type pdf)
<use ../prelab2.pdf, page 16>
Package pdftex.def Info: ../prelab2.pdf , page16 used on input line 201.
(pdftex.def)             Requested size: 552.86038pt x 715.4664pt.


Package fancyhdr Warning: \headheight is too small (12.0pt): 
(fancyhdr)                Make it at least 14.49998pt, for example:
(fancyhdr)                \setlength{\headheight}{14.49998pt}.
(fancyhdr)                You might also make \topmargin smaller:
(fancyhdr)                \addtolength{\topmargin}{-2.49998pt}.

File: ../prelab2.pdf Graphic file (type pdf)
<use ../prelab2.pdf, page 16>
Package pdftex.def Info: ../prelab2.pdf , page16 used on input line 201.
(pdftex.def)             Requested size: 552.86038pt x 715.4664pt.
[24

 <../prelab2.pdf>]
<../prelab2.pdf, id=318, page=17, 614.295pt x 794.97pt>
File: ../prelab2.pdf Graphic file (type pdf)
<use ../prelab2.pdf, page 17>
Package pdftex.def Info: ../prelab2.pdf , page17 used on input line 201.
(pdftex.def)             Requested size: 552.86038pt x 715.4664pt.
File: ../prelab2.pdf Graphic file (type pdf)
<use ../prelab2.pdf, page 17>
Package pdftex.def Info: ../prelab2.pdf , page17 used on input line 201.
(pdftex.def)             Requested size: 552.86038pt x 715.4664pt.


Package fancyhdr Warning: \headheight is too small (12.0pt): 
(fancyhdr)                Make it at least 14.49998pt, for example:
(fancyhdr)                \setlength{\headheight}{14.49998pt}.
(fancyhdr)                You might also make \topmargin smaller:
(fancyhdr)                \addtolength{\topmargin}{-2.49998pt}.

File: ../prelab2.pdf Graphic file (type pdf)
<use ../prelab2.pdf, page 17>
Package pdftex.def Info: ../prelab2.pdf , page17 used on input line 201.
(pdftex.def)             Requested size: 552.86038pt x 715.4664pt.
[25

 <../prelab2.pdf>]
<../prelab2.pdf, id=326, page=18, 614.295pt x 794.97pt>
File: ../prelab2.pdf Graphic file (type pdf)
<use ../prelab2.pdf, page 18>
Package pdftex.def Info: ../prelab2.pdf , page18 used on input line 201.
(pdftex.def)             Requested size: 552.86038pt x 715.4664pt.
File: ../prelab2.pdf Graphic file (type pdf)
<use ../prelab2.pdf, page 18>
Package pdftex.def Info: ../prelab2.pdf , page18 used on input line 201.
(pdftex.def)             Requested size: 552.86038pt x 715.4664pt.


Package fancyhdr Warning: \headheight is too small (12.0pt): 
(fancyhdr)                Make it at least 14.49998pt, for example:
(fancyhdr)                \setlength{\headheight}{14.49998pt}.
(fancyhdr)                You might also make \topmargin smaller:
(fancyhdr)                \addtolength{\topmargin}{-2.49998pt}.

File: ../prelab2.pdf Graphic file (type pdf)
<use ../prelab2.pdf, page 18>
Package pdftex.def Info: ../prelab2.pdf , page18 used on input line 201.
(pdftex.def)             Requested size: 552.86038pt x 715.4664pt.
[26

 <../prelab2.pdf>]
<../prelab2.pdf, id=334, page=19, 614.295pt x 794.97pt>
File: ../prelab2.pdf Graphic file (type pdf)
<use ../prelab2.pdf, page 19>
Package pdftex.def Info: ../prelab2.pdf , page19 used on input line 201.
(pdftex.def)             Requested size: 552.86038pt x 715.4664pt.
File: ../prelab2.pdf Graphic file (type pdf)
<use ../prelab2.pdf, page 19>
Package pdftex.def Info: ../prelab2.pdf , page19 used on input line 201.
(pdftex.def)             Requested size: 552.86038pt x 715.4664pt.


Package fancyhdr Warning: \headheight is too small (12.0pt): 
(fancyhdr)                Make it at least 14.49998pt, for example:
(fancyhdr)                \setlength{\headheight}{14.49998pt}.
(fancyhdr)                You might also make \topmargin smaller:
(fancyhdr)                \addtolength{\topmargin}{-2.49998pt}.

File: ../prelab2.pdf Graphic file (type pdf)
<use ../prelab2.pdf, page 19>
Package pdftex.def Info: ../prelab2.pdf , page19 used on input line 201.
(pdftex.def)             Requested size: 552.86038pt x 715.4664pt.
[27

 <../prelab2.pdf>]
<../prelab2.pdf, id=342, page=20, 614.295pt x 794.97pt>
File: ../prelab2.pdf Graphic file (type pdf)
<use ../prelab2.pdf, page 20>
Package pdftex.def Info: ../prelab2.pdf , page20 used on input line 201.
(pdftex.def)             Requested size: 552.86038pt x 715.4664pt.
File: ../prelab2.pdf Graphic file (type pdf)
<use ../prelab2.pdf, page 20>
Package pdftex.def Info: ../prelab2.pdf , page20 used on input line 201.
(pdftex.def)             Requested size: 552.86038pt x 715.4664pt.


Package fancyhdr Warning: \headheight is too small (12.0pt): 
(fancyhdr)                Make it at least 14.49998pt, for example:
(fancyhdr)                \setlength{\headheight}{14.49998pt}.
(fancyhdr)                You might also make \topmargin smaller:
(fancyhdr)                \addtolength{\topmargin}{-2.49998pt}.

File: ../prelab2.pdf Graphic file (type pdf)
<use ../prelab2.pdf, page 20>
Package pdftex.def Info: ../prelab2.pdf , page20 used on input line 201.
(pdftex.def)             Requested size: 552.86038pt x 715.4664pt.
[28

 <../prelab2.pdf>]
<../prelab2.pdf, id=347, page=21, 614.295pt x 794.97pt>
File: ../prelab2.pdf Graphic file (type pdf)
<use ../prelab2.pdf, page 21>
Package pdftex.def Info: ../prelab2.pdf , page21 used on input line 201.
(pdftex.def)             Requested size: 552.86038pt x 715.4664pt.
File: ../prelab2.pdf Graphic file (type pdf)
<use ../prelab2.pdf, page 21>
Package pdftex.def Info: ../prelab2.pdf , page21 used on input line 201.
(pdftex.def)             Requested size: 552.86038pt x 715.4664pt.


Package fancyhdr Warning: \headheight is too small (12.0pt): 
(fancyhdr)                Make it at least 14.49998pt, for example:
(fancyhdr)                \setlength{\headheight}{14.49998pt}.
(fancyhdr)                You might also make \topmargin smaller:
(fancyhdr)                \addtolength{\topmargin}{-2.49998pt}.

File: ../prelab2.pdf Graphic file (type pdf)
<use ../prelab2.pdf, page 21>
Package pdftex.def Info: ../prelab2.pdf , page21 used on input line 201.
(pdftex.def)             Requested size: 552.86038pt x 715.4664pt.
[29

 <../prelab2.pdf>]
<../prelab2.pdf, id=355, page=22, 614.295pt x 794.97pt>
File: ../prelab2.pdf Graphic file (type pdf)
<use ../prelab2.pdf, page 22>
Package pdftex.def Info: ../prelab2.pdf , page22 used on input line 201.
(pdftex.def)             Requested size: 552.86038pt x 715.4664pt.
File: ../prelab2.pdf Graphic file (type pdf)
<use ../prelab2.pdf, page 22>
Package pdftex.def Info: ../prelab2.pdf , page22 used on input line 201.
(pdftex.def)             Requested size: 552.86038pt x 715.4664pt.


Package fancyhdr Warning: \headheight is too small (12.0pt): 
(fancyhdr)                Make it at least 14.49998pt, for example:
(fancyhdr)                \setlength{\headheight}{14.49998pt}.
(fancyhdr)                You might also make \topmargin smaller:
(fancyhdr)                \addtolength{\topmargin}{-2.49998pt}.

File: ../prelab2.pdf Graphic file (type pdf)
<use ../prelab2.pdf, page 22>
Package pdftex.def Info: ../prelab2.pdf , page22 used on input line 201.
(pdftex.def)             Requested size: 552.86038pt x 715.4664pt.
[30

 <../prelab2.pdf>]
<../prelab2.pdf, id=361, page=23, 614.295pt x 794.97pt>
File: ../prelab2.pdf Graphic file (type pdf)
<use ../prelab2.pdf, page 23>
Package pdftex.def Info: ../prelab2.pdf , page23 used on input line 201.
(pdftex.def)             Requested size: 552.86038pt x 715.4664pt.
File: ../prelab2.pdf Graphic file (type pdf)
<use ../prelab2.pdf, page 23>
Package pdftex.def Info: ../prelab2.pdf , page23 used on input line 201.
(pdftex.def)             Requested size: 552.86038pt x 715.4664pt.


Package fancyhdr Warning: \headheight is too small (12.0pt): 
(fancyhdr)                Make it at least 14.49998pt, for example:
(fancyhdr)                \setlength{\headheight}{14.49998pt}.
(fancyhdr)                You might also make \topmargin smaller:
(fancyhdr)                \addtolength{\topmargin}{-2.49998pt}.

File: ../prelab2.pdf Graphic file (type pdf)
<use ../prelab2.pdf, page 23>
Package pdftex.def Info: ../prelab2.pdf , page23 used on input line 201.
(pdftex.def)             Requested size: 552.86038pt x 715.4664pt.
[31

 <../prelab2.pdf>] (report2.aux)
 ***********
LaTeX2e <2025-11-01>
L3 programming layer <2025-11-06>
 ***********


LaTeX Warning: Label(s) may have changed. Rerun to get cross-references right.


Package rerunfilecheck Warning: File `report2.out' has changed.
(rerunfilecheck)                Rerun to get outlines right
(rerunfilecheck)                or use package `bookmark'.

Package rerunfilecheck Info: Checksums for `report2.out':
(rerunfilecheck)             Before: 18C6F08EBD755C748AD590DE30B6BC05;1633
(rerunfilecheck)             After:  E8F71D8CDA4BA1D9D842AC9DE2D09181;1525.
 ) 
Here is how much of TeX's memory you used:
 18918 strings out of 467871
 375261 string characters out of 5418376
 788738 words of memory out of 5000000
 47562 multiletter control sequences out of 15000+600000
 634676 words of font info for 64 fonts, out of 8000000 for 9000
 1141 hyphenation exceptions out of 8191
 75i,18n,90p,605b,1175s stack positions out of 10000i,1000n,20000p,200000b,200000s

pdfTeX warning (dest): name{subsubsection.3.1.2} has been referenced but does n
ot exist, replaced by a fixed one


pdfTeX warning (dest): name{subsubsection.3.1.1} has been referenced but does n
ot exist, replaced by a fixed one


pdfTeX warning (dest): name{subsection.3.1} has been referenced but does not ex
ist, replaced by a fixed one

 <C:\Users\gyang\AppData\Local\MiKTeX\fonts/pk/ljfour/jknappen/ec/dpi600\tcrm12
00.pk><C:/Users/gyang/AppData/Local/Programs/MiKTeX/fonts/type1/public/newtx/Ne
wTXMI.pfb><C:/Users/gyang/AppData/Local/Programs/MiKTeX/fonts/type1/public/newt
x/NewTXMI7.pfb><C:/Users/gyang/AppData/Local/Programs/MiKTeX/fonts/type1/public
/amsfonts/cm/cmbx10.pfb><C:/Users/gyang/AppData/Local/Programs/MiKTeX/fonts/typ
e1/public/amsfonts/cm/cmbx12.pfb><C:/Users/gyang/AppData/Local/Programs/MiKTeX/
fonts/type1/public/amsfonts/cm/cmmi12.pfb><C:/Users/gyang/AppData/Local/Program
s/MiKTeX/fonts/type1/public/amsfonts/cm/cmmi8.pfb><C:/Users/gyang/AppData/Local
/Programs/MiKTeX/fonts/type1/public/amsfonts/cm/cmr10.pfb><C:/Users/gyang/AppDa
ta/Local/Programs/MiKTeX/fonts/type1/public/amsfonts/cm/cmr12.pfb><C:/Users/gya
ng/AppData/Local/Programs/MiKTeX/fonts/type1/public/amsfonts/cm/cmr17.pfb><C:/U
sers/gyang/AppData/Local/Programs/MiKTeX/fonts/type1/public/amsfonts/cm/cmr8.pf
b><C:/Users/gyang/AppData/Local/Programs/MiKTeX/fonts/type1/public/amsfonts/cm/
cmss12.pfb><C:/Users/gyang/AppData/Local/Programs/MiKTeX/fonts/type1/public/ams
fonts/cm/cmsy10.pfb><C:/Users/gyang/AppData/Local/Programs/MiKTeX/fonts/type1/p
ublic/amsfonts/cm/cmsy8.pfb><C:/Users/gyang/AppData/Local/Programs/MiKTeX/fonts
/type1/public/amsfonts/cm/cmtt12.pfb><C:/Users/gyang/AppData/Local/Programs/MiK
TeX/fonts/type1/bera/fvmb8a.pfb><C:/Users/gyang/AppData/Local/Programs/MiKTeX/f
onts/type1/bera/fvmr8a.pfb><C:/Users/gyang/AppData/Local/Programs/MiKTeX/fonts/
type1/public/tex-gyre/qhvb.pfb><C:/Users/gyang/AppData/Local/Programs/MiKTeX/fo
nts/type1/public/tex-gyre/qhvr.pfb><C:/Users/gyang/AppData/Local/Programs/MiKTe
X/fonts/type1/public/tex-gyre/qtmr.pfb><C:/Users/gyang/AppData/Local/Programs/M
iKTeX/fonts/type1/public/newtx/txexas.pfb><C:/Users/gyang/AppData/Local/Program
s/MiKTeX/fonts/type1/public/newtx/txexs.pfb><C:/Users/gyang/AppData/Local/Progr
ams/MiKTeX/fonts/type1/public/newtx/txmiaX.pfb><C:/Users/gyang/AppData/Local/Pr
ograms/MiKTeX/fonts/type1/public/newtx/txsys.pfb><C:/Users/gyang/AppData/Local/
Programs/MiKTeX/fonts/type1/public/newtx/ztmb.pfb><C:/Users/gyang/AppData/Local
/Programs/MiKTeX/fonts/type1/public/newtx/ztmr.pfb>
Output written on report2.pdf (32 pages, 2483937 bytes).
PDF statistics:
 452 PDF objects out of 1000 (max. 8388607)
 61 named destinations out of 1000 (max. 500000)
 221 words of extra memory for PDF output out of 10000 (max. 10000000)

